<?xml version="1.0" encoding="UTF-8"?>
<!-- Generated by org.testng.reporters.JUnitReportReporter -->
<testsuite hostname="SOURISH-PC" failures="0" tests="1" name="sourishBakshiFrameworkAuto.TestScenarioE2E" time="13.924" errors="0" timestamp="2025-06-13T18:33:29 IST" skipped="0">
  <testcase classname="sourishBakshiFrameworkAuto.TestScenarioE2E" name="testScenario" time="13.924"/>
</testsuite> <!-- sourishBakshiFrameworkAuto.TestScenarioE2E -->
