<?xml version="1.0" encoding="UTF-8"?>
<!-- Generated by org.testng.reporters.JUnitReportReporter -->
<testsuite hostname="SOURISH-PC" failures="0" tests="1" name="cucumber.TestNGTestRunner" time="18.010" errors="0" timestamp="2025-06-24T17:08:39 IST" skipped="0">
  <testcase classname="cucumber.TestNGTestRunner" name="runScenario" time="18.010"/>
</testsuite> <!-- cucumber.TestNGTestRunner -->
