<?xml version="1.0" encoding="UTF-8"?>
<!-- Generated by org.testng.reporters.JUnitReportReporter -->
<testsuite hostname="SOURISH-PC" failures="0" tests="1" name="sourishBakshiFrameworkAuto.StandAloneTestScenarioE2E2" time="25.016" errors="0" timestamp="2025-06-14T18:32:32 IST" skipped="0">
  <testcase classname="sourishBakshiFrameworkAuto.StandAloneTestScenarioE2E2" name="testScenario" time="25.016"/>
</testsuite> <!-- sourishBakshiFrameworkAuto.StandAloneTestScenarioE2E2 -->
