<?xml version="1.0" encoding="UTF-8"?>
<!-- Generated by org.testng.reporters.JUnitReportReporter -->
<testsuite hostname="SOURISH-PC" failures="0" tests="4" name="sourishBakshiFrameworkAuto.tests.StandAloneTestScenarioE2ETest" time="48.551" errors="0" timestamp="2025-06-20T13:59:55 IST" skipped="0">
  <testcase classname="sourishBakshiFrameworkAuto.tests.StandAloneTestScenarioE2ETest" name="submitOrder" time="17.751"/>
  <testcase classname="sourishBakshiFrameworkAuto.tests.StandAloneTestScenarioE2ETest" name="submitOrder" time="16.364"/>
  <testcase classname="sourishBakshiFrameworkAuto.tests.StandAloneTestScenarioE2ETest" name="orderHistoryTest" time="8.883"/>
  <testcase classname="sourishBakshiFrameworkAuto.tests.StandAloneTestScenarioE2ETest" name="orderHistoryTest" time="5.553"/>
</testsuite> <!-- sourishBakshiFrameworkAuto.tests.StandAloneTestScenarioE2ETest -->
