<?xml version="1.0" encoding="UTF-8"?>
<!-- Generated by org.testng.reporters.JUnitReportReporter -->
<testsuite hostname="SOURISH-PC" failures="0" tests="1" name="sourishBakshiFrameworkAuto.tests.StandAloneTestScenarioE2E2" time="19.800" errors="0" timestamp="2025-06-16T15:02:18 IST" skipped="0">
  <testcase classname="sourishBakshiFrameworkAuto.tests.StandAloneTestScenarioE2E2" name="testScenario" time="19.800"/>
</testsuite> <!-- sourishBakshiFrameworkAuto.tests.StandAloneTestScenarioE2E2 -->
