<?xml version="1.0" encoding="UTF-8"?>
<!-- Generated by org.testng.reporters.JUnitReportReporter -->
<testsuite hostname="SOURISH-PC" failures="0" tests="1" name="sourishBakshiFrameworkAuto.tests.ErrorMessageValidationTest" time="8.515" errors="0" timestamp="2025-06-23T17:11:11 IST" skipped="0">
  <testcase classname="sourishBakshiFrameworkAuto.tests.ErrorMessageValidationTest" name="errorValidation" time="8.515"/>
</testsuite> <!-- sourishBakshiFrameworkAuto.tests.ErrorMessageValidationTest -->
