<?xml version="1.0" encoding="UTF-8"?>
<!-- Generated by org.testng.reporters.JUnitReportReporter -->
<testsuite hostname="SOURISH-PC" failures="0" tests="1" name="sourishBakshiFrameworkAuto.tests.TestScenarioE2E" time="16.863" errors="0" timestamp="2025-06-23T15:54:43 IST" skipped="0">
  <testcase classname="sourishBakshiFrameworkAuto.tests.TestScenarioE2E" name="testScenario" time="16.863"/>
</testsuite> <!-- sourishBakshiFrameworkAuto.tests.TestScenarioE2E -->
